<?xml version="1.0" encoding="UTF-8" ?>
<testsuite tests="30" failures="0" name="com.sg.hero.dao.HeroDaoTest" time="4.493" errors="0" skipped="0">
  <properties>
[...]
</properties>
  <testcase classname="com.sg.hero.dao.HeroDaoTest" name="testDeleteChampion" time="1.023"/>
  <testcase classname="com.sg.hero.dao.HeroDaoTest" name="testGetContactById" time="0.173"/>
  <testcase classname="com.sg.hero.dao.HeroDaoTest" name="testDeleteOrganization" time="0.17"/>
  <testcase classname="com.sg.hero.dao.HeroDaoTest" name="testDeletePower" time="0.16"/>
  <testcase classname="com.sg.hero.dao.HeroDaoTest" name="testDeleteContact" time="0.133"/>
  <testcase classname="com.sg.hero.dao.HeroDaoTest" name="testGetAllOrganizations" time="0.136"/>
  <testcase classname="com.sg.hero.dao.HeroDaoTest" name="testUpdateOrganization" time="0.203"/>
  <testcase classname="com.sg.hero.dao.HeroDaoTest" name="testDeleteLocation" time="0.142"/>
  <testcase classname="com.sg.hero.dao.HeroDaoTest" name="testAddSighting" time="0.111"/>
  <testcase classname="com.sg.hero.dao.HeroDaoTest" name="testUpdatePower" time="0.121"/>
  <testcase classname="com.sg.hero.dao.HeroDaoTest" name="testAddOrganization" time="0.135"/>
  <testcase classname="com.sg.hero.dao.HeroDaoTest" name="testGetAllSightings" time="0.147"/>
  <testcase classname="com.sg.hero.dao.HeroDaoTest" name="testGetOrganizationById" time="0.136"/>
  <testcase classname="com.sg.hero.dao.HeroDaoTest" name="testAddPower" time="0.127"/>
  <testcase classname="com.sg.hero.dao.HeroDaoTest" name="testGetSightingById" time="0.096"/>
  <testcase classname="com.sg.hero.dao.HeroDaoTest" name="testGetAllChampions" time="0.117"/>
  <testcase classname="com.sg.hero.dao.HeroDaoTest" name="testAddChampion" time="0.112"/>
  <testcase classname="com.sg.hero.dao.HeroDaoTest" name="testUpdateSighting" time="0.095"/>
  <testcase classname="com.sg.hero.dao.HeroDaoTest" name="testAddLocation" time="0.141"/>
  <testcase classname="com.sg.hero.dao.HeroDaoTest" name="testGetAllPowers" time="0.088"/>
  <testcase classname="com.sg.hero.dao.HeroDaoTest" name="testUpdateChampion" time="0.096"/>
  <testcase classname="com.sg.hero.dao.HeroDaoTest" name="testDeleteSighting" time="0.101"/>
  <testcase classname="com.sg.hero.dao.HeroDaoTest" name="testGetAllLocations" time="0.112"/>
  <testcase classname="com.sg.hero.dao.HeroDaoTest" name="testUpdateContact" time="0.106"/>
  <testcase classname="com.sg.hero.dao.HeroDaoTest" name="testGetLocationById" time="0.088"/>
  <testcase classname="com.sg.hero.dao.HeroDaoTest" name="testUpdateLocation" time="0.088"/>
  <testcase classname="com.sg.hero.dao.HeroDaoTest" name="testGetChampionById" time="0.08"/>
  <testcase classname="com.sg.hero.dao.HeroDaoTest" name="testGetPowerById" time="0.077"/>
  <testcase classname="com.sg.hero.dao.HeroDaoTest" name="testGetAllContacts" time="0.084"/>
  <testcase classname="com.sg.hero.dao.HeroDaoTest" name="testAddContact" time="0.095"/>
</testsuite>